<?xml version="1.0" encoding="UTF-8"?>
<!-- Generated by org.testng.reporters.JUnitReportReporter -->
<testsuite hostname="Num30-PC" name="demo.selenium.kiwi.TestOrder" tests="2" failures="0" timestamp="29 Feb 2016 02:56:49 GMT" time="0.004" errors="0">
  <testcase name="test1" time="0.002" classname="demo.selenium.kiwi.TestOrder"/>
  <testcase name="test2" time="0.002" classname="demo.selenium.kiwi.TestOrder"/>
</testsuite> <!-- demo.selenium.kiwi.TestOrder -->
